<?xml version="1.0" encoding="UTF-8"?>
<!-- Generated by org.testng.reporters.JUnitReportReporter -->
<testsuite hostname="ALI" name="com.qa.maven_git_jenkin.TestCase" tests="1" failures="0" timestamp="21 Oct 2018 14:24:50 GMT" time="20.829" errors="0">
  <testcase name="TestCase1" time="20.829" classname="com.qa.maven_git_jenkin.TestCase"/>
</testsuite> <!-- com.qa.maven_git_jenkin.TestCase -->
