<?xml version="1.0" encoding="UTF-8"?>
<!-- Generated by org.testng.reporters.JUnitReportReporter -->
<testsuite hostname="ALI" name="com.qa.maven_git_jenkin.TestCase" tests="1" failures="0" timestamp="3 Nov 2018 15:23:29 GMT" time="13.496" errors="0">
  <testcase name="TestCase1" time="13.496" classname="com.qa.maven_git_jenkin.TestCase"/>
</testsuite> <!-- com.qa.maven_git_jenkin.TestCase -->
